生成启动时间为 2016/9/19 15:39:53。
     1>项目“F:\vs2010cmd\gdsl-1.8\vs2010_gdal\vs2010_gdal\vs2010_gdal.vcxproj”在节点 2 上(rebuild 个目标)。
     1>_PrepareForClean:
         正在删除文件“Debug\vs2010_gdal.lastbuildstate”。
       InitializeBuildStatus:
         正在创建“Debug\vs2010_gdal.unsuccessfulbuild”，因为已指定“AlwaysCreate”。
       ClCompile:
         C:\Program Files (x86)\Microsoft Visual Studio 10.0\VC\bin\CL.exe /c /I"F:\vs2010cmd\gdsl-1.8\src" /ZI /nologo /W3 /WX- /Od /Oy- /D WIN32 /D _DEBUG /D _CONSOLE /D _UNICODE /D UNICODE /Gm /EHsc /RTC1 /MDd /GS /fp:precise /Zc:wchar_t /Zc:forScope /Fo"Debug\\" /Fd"Debug\vc100.pdb" /Gd /TC /analyze- /errorReport:prompt ..\..\src\examples\main_queue.c ..\..\src\examples\_integers.c
         _integers.c
         main_queue.c
     1>f:\vs2010cmd\gdsl-1.8\src\examples\main_queue.c(87): warning C4996: 'scanf': This function or variable may be unsafe. Consider using scanf_s instead. To disable deprecation, use _CRT_SECURE_NO_WARNINGS. See online help for details.
                 c:\program files (x86)\microsoft visual studio 10.0\vc\include\stdio.h(304) : 参见“scanf”的声明
     1>f:\vs2010cmd\gdsl-1.8\src\examples\main_queue.c(95): warning C4996: 'scanf': This function or variable may be unsafe. Consider using scanf_s instead. To disable deprecation, use _CRT_SECURE_NO_WARNINGS. See online help for details.
                 c:\program files (x86)\microsoft visual studio 10.0\vc\include\stdio.h(304) : 参见“scanf”的声明
     1>f:\vs2010cmd\gdsl-1.8\src\examples\main_queue.c(157): warning C4996: 'scanf': This function or variable may be unsafe. Consider using scanf_s instead. To disable deprecation, use _CRT_SECURE_NO_WARNINGS. See online help for details.
                 c:\program files (x86)\microsoft visual studio 10.0\vc\include\stdio.h(304) : 参见“scanf”的声明
         正在生成代码...
       ManifestResourceCompile:
         C:\Program Files (x86)\Microsoft SDKs\Windows\v7.0A\bin\rc.exe /nologo /fo"Debug\vs2010_gdal.exe.embed.manifest.res" Debug\vs2010_gdal_manifest.rc 
       Link:
         C:\Program Files (x86)\Microsoft Visual Studio 10.0\VC\bin\link.exe /ERRORREPORT:PROMPT /OUT:"F:\vs2010cmd\gdsl-1.8\vs2010_gdal\Debug\vs2010_gdal.exe" /INCREMENTAL /NOLOGO /LIBPATH:"F:\vs2010cmd\gdsl-1.8\dll_gdsl\bin\Debug" libdll_gdsl.lib kernel32.lib user32.lib gdi32.lib winspool.lib comdlg32.lib advapi32.lib shell32.lib ole32.lib oleaut32.lib uuid.lib odbc32.lib odbccp32.lib /MANIFEST /ManifestFile:"Debug\vs2010_gdal.exe.intermediate.manifest" /MANIFESTUAC:"level='asInvoker' uiAccess='false'" /DEBUG /PDB:"F:\vs2010cmd\gdsl-1.8\vs2010_gdal\Debug\vs2010_gdal.pdb" /SUBSYSTEM:CONSOLE /TLBID:1 /DYNAMICBASE /NXCOMPAT /IMPLIB:"F:\vs2010cmd\gdsl-1.8\vs2010_gdal\Debug\vs2010_gdal.lib" /MACHINE:X86 Debug\vs2010_gdal.exe.embed.manifest.res
         Debug\main_queue.obj
         Debug\_integers.obj
       Manifest:
         正在删除文件“Debug\vs2010_gdal.exe.embed.manifest”。
         C:\Program Files (x86)\Microsoft SDKs\Windows\v7.0A\bin\mt.exe /nologo /verbose /out:"Debug\vs2010_gdal.exe.embed.manifest" /manifest Debug\vs2010_gdal.exe.intermediate.manifest
         C:\Program Files (x86)\Microsoft SDKs\Windows\v7.0A\bin\rc.exe /nologo /fo"Debug\vs2010_gdal.exe.embed.manifest.res" Debug\vs2010_gdal_manifest.rc 
       LinkEmbedManifest:
         C:\Program Files (x86)\Microsoft Visual Studio 10.0\VC\bin\link.exe /ERRORREPORT:PROMPT /OUT:"F:\vs2010cmd\gdsl-1.8\vs2010_gdal\Debug\vs2010_gdal.exe" /INCREMENTAL /NOLOGO /LIBPATH:"F:\vs2010cmd\gdsl-1.8\dll_gdsl\bin\Debug" libdll_gdsl.lib kernel32.lib user32.lib gdi32.lib winspool.lib comdlg32.lib advapi32.lib shell32.lib ole32.lib oleaut32.lib uuid.lib odbc32.lib odbccp32.lib /MANIFEST /ManifestFile:"Debug\vs2010_gdal.exe.intermediate.manifest" /MANIFESTUAC:"level='asInvoker' uiAccess='false'" /DEBUG /PDB:"F:\vs2010cmd\gdsl-1.8\vs2010_gdal\Debug\vs2010_gdal.pdb" /SUBSYSTEM:CONSOLE /TLBID:1 /DYNAMICBASE /NXCOMPAT /IMPLIB:"F:\vs2010cmd\gdsl-1.8\vs2010_gdal\Debug\vs2010_gdal.lib" /MACHINE:X86 Debug\vs2010_gdal.exe.embed.manifest.res
         Debug\main_queue.obj
         Debug\_integers.obj
         vs2010_gdal.vcxproj -> F:\vs2010cmd\gdsl-1.8\vs2010_gdal\Debug\vs2010_gdal.exe
       FinalizeBuildStatus:
         正在删除文件“Debug\vs2010_gdal.unsuccessfulbuild”。
         正在对“Debug\vs2010_gdal.lastbuildstate”执行 Touch 任务。
     1>已完成生成项目“F:\vs2010cmd\gdsl-1.8\vs2010_gdal\vs2010_gdal\vs2010_gdal.vcxproj”(rebuild 个目标)的操作。

生成成功。

已用时间 00:00:03.32
