F:\VS2010CMD\GDSL-1.8\VS2010_GDAL\DEBUG\VS2010_GDAL.EXE
F:\VS2010CMD\GDSL-1.8\VS2010_GDAL\DEBUG\VS2010_GDAL.ILK
F:\VS2010CMD\GDSL-1.8\VS2010_GDAL\DEBUG\VS2010_GDAL.PDB
F:\VS2010CMD\GDSL-1.8\VS2010_GDAL\VS2010_GDAL\DEBUG\_INTEGERS.OBJ
F:\vs2010cmd\gdsl-1.8\vs2010_gdal\vs2010_gdal\Debug\cl.command.1.tlog
F:\vs2010cmd\gdsl-1.8\vs2010_gdal\vs2010_gdal\Debug\CL.read.1.tlog
F:\vs2010cmd\gdsl-1.8\vs2010_gdal\vs2010_gdal\Debug\CL.write.1.tlog
F:\vs2010cmd\gdsl-1.8\vs2010_gdal\vs2010_gdal\Debug\link.10824.read.1.tlog
F:\vs2010cmd\gdsl-1.8\vs2010_gdal\vs2010_gdal\Debug\link.10824.write.1.tlog
F:\vs2010cmd\gdsl-1.8\vs2010_gdal\vs2010_gdal\Debug\link.10824-cvtres.read.1.tlog
F:\vs2010cmd\gdsl-1.8\vs2010_gdal\vs2010_gdal\Debug\link.10824-cvtres.write.1.tlog
F:\vs2010cmd\gdsl-1.8\vs2010_gdal\vs2010_gdal\Debug\link.command.1.tlog
F:\vs2010cmd\gdsl-1.8\vs2010_gdal\vs2010_gdal\Debug\link.read.1.tlog
F:\vs2010cmd\gdsl-1.8\vs2010_gdal\vs2010_gdal\Debug\link.write.1.tlog
F:\vs2010cmd\gdsl-1.8\vs2010_gdal\vs2010_gdal\Debug\link-cvtres.read.1.tlog
F:\vs2010cmd\gdsl-1.8\vs2010_gdal\vs2010_gdal\Debug\link-cvtres.write.1.tlog
F:\VS2010CMD\GDSL-1.8\VS2010_GDAL\VS2010_GDAL\DEBUG\MAIN_QUEUE.OBJ
F:\vs2010cmd\gdsl-1.8\vs2010_gdal\vs2010_gdal\Debug\mt.command.1.tlog
F:\vs2010cmd\gdsl-1.8\vs2010_gdal\vs2010_gdal\Debug\mt.read.1.tlog
F:\vs2010cmd\gdsl-1.8\vs2010_gdal\vs2010_gdal\Debug\mt.write.1.tlog
F:\vs2010cmd\gdsl-1.8\vs2010_gdal\vs2010_gdal\Debug\rc.command.1.tlog
F:\vs2010cmd\gdsl-1.8\vs2010_gdal\vs2010_gdal\Debug\rc.read.1.tlog
F:\vs2010cmd\gdsl-1.8\vs2010_gdal\vs2010_gdal\Debug\rc.write.1.tlog
F:\vs2010cmd\gdsl-1.8\vs2010_gdal\vs2010_gdal\Debug\vc100.idb
F:\VS2010CMD\GDSL-1.8\VS2010_GDAL\VS2010_GDAL\DEBUG\VC100.PDB
F:\VS2010CMD\GDSL-1.8\VS2010_GDAL\VS2010_GDAL\DEBUG\VS2010_GDAL.EXE.EMBED.MANIFEST
F:\VS2010CMD\GDSL-1.8\VS2010_GDAL\VS2010_GDAL\DEBUG\VS2010_GDAL.EXE.EMBED.MANIFEST.RES
F:\VS2010CMD\GDSL-1.8\VS2010_GDAL\VS2010_GDAL\DEBUG\VS2010_GDAL.EXE.INTERMEDIATE.MANIFEST
F:\vs2010cmd\gdsl-1.8\vs2010_gdal\vs2010_gdal\Debug\vs2010_gdal_manifest.rc
